<?xml version="1.0" encoding="UTF-8"?>
<testsuite xmlns:xsi="http://www.w3.org/2001/XMLSchema-instance" xsi:noNamespaceSchemaLocation="https://maven.apache.org/surefire/maven-surefire-plugin/xsd/surefire-test-report.xsd" name="TestSuite" time="85.255" tests="7" errors="0" skipped="0" failures="3">
  <properties>
[...]
</properties>
  <testcase name="testSearchButtonVisibleAfterLaunchingApplication" classname="com.test.GoogleNewsTest" time="8.379"/>
  <testcase name="testVerifyTitleOfGoogleNewsApplication" classname="com.test.GoogleNewsTest" time="5.196"/>
  <testcase name="testScrollPageTillElement" classname="com.test.GoogleNewsTest" time="10.698"/>
  <testcase name="testSearchFunctionality" classname="com.test.GoogleNewsTest" time="1.668">
    <failure message="An element could not be located on the page using the given search parameters.&#10;For documentation on this error, please visit: https://www.seleniumhq.org/exceptions/no_such_element.html&#10;Build info: version: &apos;3.141.59&apos;, revision: &apos;e82be7d358&apos;, time: &apos;2018-11-14T08:17:03&apos;&#10;System info: host: &apos;MA390&apos;, ip: &apos;169.254.163.251&apos;, os.name: &apos;Windows 10&apos;, os.arch: &apos;amd64&apos;, os.version: &apos;10.0&apos;, java.version: &apos;1.8.0_202&apos;&#10;Driver info: io.appium.java_client.android.AndroidDriver&#10;Capabilities {automationName: UiAutomator2, databaseEnabled: false, desired: {automationName: UiAutomator2, deviceName: Pixel 4, platformName: android, platformVersion: 13, udid: 9A201FFAZ00127}, deviceApiLevel: 33, deviceManufacturer: Google, deviceModel: Pixel 4, deviceName: 9A201FFAZ00127, deviceScreenDensity: 440, deviceScreenSize: 1080x2280, deviceUDID: 9A201FFAZ00127, javascriptEnabled: true, locationContextEnabled: false, networkConnectionEnabled: true, pixelRatio: 2.75, platform: LINUX, platformName: Android, platformVersion: 13, statBarHeight: 83, takesScreenshot: true, udid: 9A201FFAZ00127, viewportRect: {height: 2197, left: 0, top: 83, width: 1080}, warnings: {}, webStorageEnabled: false}&#10;Session ID: 0d7a9d8d-1428-4ea4-a416-ffbeeb1e6443&#10;*** Element info: {Using=xpath, value=//android.widget.ImageButton[@content-desc=&quot;Navigate up&quot;]}" type="org.openqa.selenium.NoSuchElementException">org.openqa.selenium.NoSuchElementException: 
An element could not be located on the page using the given search parameters.
For documentation on this error, please visit: https://www.seleniumhq.org/exceptions/no_such_element.html
Build info: version: '3.141.59', revision: 'e82be7d358', time: '2018-11-14T08:17:03'
System info: host: 'MA390', ip: '169.254.163.251', os.name: 'Windows 10', os.arch: 'amd64', os.version: '10.0', java.version: '1.8.0_202'
Driver info: io.appium.java_client.android.AndroidDriver
Capabilities {automationName: UiAutomator2, databaseEnabled: false, desired: {automationName: UiAutomator2, deviceName: Pixel 4, platformName: android, platformVersion: 13, udid: 9A201FFAZ00127}, deviceApiLevel: 33, deviceManufacturer: Google, deviceModel: Pixel 4, deviceName: 9A201FFAZ00127, deviceScreenDensity: 440, deviceScreenSize: 1080x2280, deviceUDID: 9A201FFAZ00127, javascriptEnabled: true, locationContextEnabled: false, networkConnectionEnabled: true, pixelRatio: 2.75, platform: LINUX, platformName: Android, platformVersion: 13, statBarHeight: 83, takesScreenshot: true, udid: 9A201FFAZ00127, viewportRect: {height: 2197, left: 0, top: 83, width: 1080}, warnings: {}, webStorageEnabled: false}
Session ID: 0d7a9d8d-1428-4ea4-a416-ffbeeb1e6443
*** Element info: {Using=xpath, value=//android.widget.ImageButton[@content-desc="Navigate up"]}
	at com.test.GoogleNewsTest.testSearchFunctionality(GoogleNewsTest.java:45)
</failure>
    <system-out><![CDATA[---- TestNGListener onTestStart ---- testSearchFunctionality
[INFO ] 2024-03-20 15:56:14.826 [main] BaseTestAndroidAppium - ------- Perform Click on given element -------
---- TestNGListener onTestFailure ---- testSearchFunctionality
]]></system-out>
  </testcase>
  <testcase name="swipeRight" classname="com.test.GoogleNewsTest" time="1.263">
    <failure message="An element could not be located on the page using the given search parameters.&#10;For documentation on this error, please visit: https://www.seleniumhq.org/exceptions/no_such_element.html&#10;Build info: version: &apos;3.141.59&apos;, revision: &apos;e82be7d358&apos;, time: &apos;2018-11-14T08:17:03&apos;&#10;System info: host: &apos;MA390&apos;, ip: &apos;169.254.163.251&apos;, os.name: &apos;Windows 10&apos;, os.arch: &apos;amd64&apos;, os.version: &apos;10.0&apos;, java.version: &apos;1.8.0_202&apos;&#10;Driver info: io.appium.java_client.android.AndroidDriver&#10;Capabilities {automationName: UiAutomator2, databaseEnabled: false, desired: {automationName: UiAutomator2, deviceName: Pixel 4, platformName: android, platformVersion: 13, udid: 9A201FFAZ00127}, deviceApiLevel: 33, deviceManufacturer: Google, deviceModel: Pixel 4, deviceName: 9A201FFAZ00127, deviceScreenDensity: 440, deviceScreenSize: 1080x2280, deviceUDID: 9A201FFAZ00127, javascriptEnabled: true, locationContextEnabled: false, networkConnectionEnabled: true, pixelRatio: 2.75, platform: LINUX, platformName: Android, platformVersion: 13, statBarHeight: 83, takesScreenshot: true, udid: 9A201FFAZ00127, viewportRect: {height: 2197, left: 0, top: 83, width: 1080}, warnings: {}, webStorageEnabled: false}&#10;Session ID: 0d7a9d8d-1428-4ea4-a416-ffbeeb1e6443&#10;*** Element info: {Using=xpath, value=//android.widget.ImageButton[@content-desc=&quot;Navigate up&quot;]}" type="org.openqa.selenium.NoSuchElementException">org.openqa.selenium.NoSuchElementException: 
An element could not be located on the page using the given search parameters.
For documentation on this error, please visit: https://www.seleniumhq.org/exceptions/no_such_element.html
Build info: version: '3.141.59', revision: 'e82be7d358', time: '2018-11-14T08:17:03'
System info: host: 'MA390', ip: '169.254.163.251', os.name: 'Windows 10', os.arch: 'amd64', os.version: '10.0', java.version: '1.8.0_202'
Driver info: io.appium.java_client.android.AndroidDriver
Capabilities {automationName: UiAutomator2, databaseEnabled: false, desired: {automationName: UiAutomator2, deviceName: Pixel 4, platformName: android, platformVersion: 13, udid: 9A201FFAZ00127}, deviceApiLevel: 33, deviceManufacturer: Google, deviceModel: Pixel 4, deviceName: 9A201FFAZ00127, deviceScreenDensity: 440, deviceScreenSize: 1080x2280, deviceUDID: 9A201FFAZ00127, javascriptEnabled: true, locationContextEnabled: false, networkConnectionEnabled: true, pixelRatio: 2.75, platform: LINUX, platformName: Android, platformVersion: 13, statBarHeight: 83, takesScreenshot: true, udid: 9A201FFAZ00127, viewportRect: {height: 2197, left: 0, top: 83, width: 1080}, warnings: {}, webStorageEnabled: false}
Session ID: 0d7a9d8d-1428-4ea4-a416-ffbeeb1e6443
*** Element info: {Using=xpath, value=//android.widget.ImageButton[@content-desc="Navigate up"]}
	at com.test.GoogleNewsTest.swipeRight(GoogleNewsTest.java:58)
</failure>
    <system-out><![CDATA[---- TestNGListener onTestStart ---- swipeRight
[INFO ] 2024-03-20 15:56:16.524 [main] BaseTestAndroidAppium - ------- Perform Click on given element -------
---- TestNGListener onTestFailure ---- swipeRight
]]></system-out>
  </testcase>
  <testcase name="launchGoogleNewsApplication1" classname="com.test.GoogleNewsTest1" time="20.101"/>
  <testcase name="verifyClickOnSuggestionAfterSearchingText" classname="com.test.GoogleNewsTest1" time="1.402">
    <failure message="An unknown server-side error occurred while processing the command. Original error: org.eclipse.wst.xml.xpath2.processor.internal.StaticNsNameError: Unknown prefix: com.google.android.apps.magazines.&#10;Build info: version: &apos;3.141.59&apos;, revision: &apos;e82be7d358&apos;, time: &apos;2018-11-14T08:17:03&apos;&#10;System info: host: &apos;MA390&apos;, ip: &apos;169.254.163.251&apos;, os.name: &apos;Windows 10&apos;, os.arch: &apos;amd64&apos;, os.version: &apos;10.0&apos;, java.version: &apos;1.8.0_202&apos;&#10;Driver info: io.appium.java_client.android.AndroidDriver&#10;Capabilities {automationName: UiAutomator2, databaseEnabled: false, desired: {automationName: UiAutomator2, deviceName: Pixel 4, platformName: android, platformVersion: 13, udid: 9A201FFAZ00127}, deviceApiLevel: 33, deviceManufacturer: Google, deviceModel: Pixel 4, deviceName: 9A201FFAZ00127, deviceScreenDensity: 440, deviceScreenSize: 1080x2280, deviceUDID: 9A201FFAZ00127, javascriptEnabled: true, locationContextEnabled: false, networkConnectionEnabled: true, pixelRatio: 2.75, platform: LINUX, platformName: Android, platformVersion: 13, statBarHeight: 83, takesScreenshot: true, udid: 9A201FFAZ00127, viewportRect: {height: 2197, left: 0, top: 83, width: 1080}, warnings: {}, webStorageEnabled: false}&#10;Session ID: f27c9098-0b8c-44d2-b42c-a31adf2c77c4&#10;*** Element info: {Using=xpath, value=com.google.android.apps.magazines:id/open_search_view_edit_text}" type="org.openqa.selenium.WebDriverException">org.openqa.selenium.WebDriverException: 
An unknown server-side error occurred while processing the command. Original error: org.eclipse.wst.xml.xpath2.processor.internal.StaticNsNameError: Unknown prefix: com.google.android.apps.magazines.
Build info: version: '3.141.59', revision: 'e82be7d358', time: '2018-11-14T08:17:03'
System info: host: 'MA390', ip: '169.254.163.251', os.name: 'Windows 10', os.arch: 'amd64', os.version: '10.0', java.version: '1.8.0_202'
Driver info: io.appium.java_client.android.AndroidDriver
Capabilities {automationName: UiAutomator2, databaseEnabled: false, desired: {automationName: UiAutomator2, deviceName: Pixel 4, platformName: android, platformVersion: 13, udid: 9A201FFAZ00127}, deviceApiLevel: 33, deviceManufacturer: Google, deviceModel: Pixel 4, deviceName: 9A201FFAZ00127, deviceScreenDensity: 440, deviceScreenSize: 1080x2280, deviceUDID: 9A201FFAZ00127, javascriptEnabled: true, locationContextEnabled: false, networkConnectionEnabled: true, pixelRatio: 2.75, platform: LINUX, platformName: Android, platformVersion: 13, statBarHeight: 83, takesScreenshot: true, udid: 9A201FFAZ00127, viewportRect: {height: 2197, left: 0, top: 83, width: 1080}, warnings: {}, webStorageEnabled: false}
Session ID: f27c9098-0b8c-44d2-b42c-a31adf2c77c4
*** Element info: {Using=xpath, value=com.google.android.apps.magazines:id/open_search_view_edit_text}
	at com.test.GoogleNewsTest1.verifyClickOnSuggestionAfterSearchingText(GoogleNewsTest1.java:35)
</failure>
    <system-out><![CDATA[---- TestNGListener onTestStart ---- verifyClickOnSuggestionAfterSearchingText
[INFO ] 2024-03-20 15:56:43.776 [main] BaseTestAndroidAppium - ------- Perform Click on given element -------
---- TestNGListener onTestFailure ---- verifyClickOnSuggestionAfterSearchingText
]]></system-out>
  </testcase>
</testsuite>